{"/home/olyxz/adome/frontend/src/lib/services/bridge.ts": {"path":"/home/olyxz/adome/frontend/src/lib/services/bridge.ts","statementMap":{"0":{"start":{"line":7,"column":27},"end":{"line":7,"column":null}},"1":{"start":{"line":10,"column":25},"end":{"line":10,"column":null}},"2":{"start":{"line":13,"column":28},"end":{"line":13,"column":null}},"3":{"start":{"line":14,"column":28},"end":{"line":14,"column":null}},"4":{"start":{"line":17,"column":24},"end":{"line":17,"column":null}},"5":{"start":{"line":18,"column":24},"end":{"line":18,"column":null}},"6":{"start":{"line":19,"column":25},"end":{"line":19,"column":null}},"7":{"start":{"line":20,"column":25},"end":{"line":20,"column":null}}},"fnMap":{},"branchMap":{},"s":{"0":1,"1":1,"2":1,"3":1,"4":1,"5":1,"6":1,"7":1},"f":{},"b":{},"meta":{"lastBranch":0,"lastFunction":0,"lastStatement":8,"seen":{"s:7:27:7:Infinity":0,"s:10:25:10:Infinity":1,"s:13:28:13:Infinity":2,"s:14:28:14:Infinity":3,"s:17:24:17:Infinity":4,"s:18:24:18:Infinity":5,"s:19:25:19:Infinity":6,"s:20:25:20:Infinity":7}}}
,"/home/olyxz/adome/frontend/src/lib/services/mermaid.ts": {"path":"/home/olyxz/adome/frontend/src/lib/services/mermaid.ts","statementMap":{"0":{"start":{"line":19,"column":20},"end":{"line":19,"column":null}},"1":{"start":{"line":20,"column":20},"end":{"line":20,"column":null}},"2":{"start":{"line":23,"column":2},"end":{"line":23,"column":null}},"3":{"start":{"line":23,"column":21},"end":{"line":23,"column":null}},"4":{"start":{"line":25,"column":2},"end":{"line":25,"column":null}},"5":{"start":{"line":26,"column":2},"end":{"line":35,"column":null}},"6":{"start":{"line":36,"column":2},"end":{"line":36,"column":null}},"7":{"start":{"line":40,"column":4},"end":{"line":42,"column":null}},"8":{"start":{"line":41,"column":8},"end":{"line":41,"column":null}},"9":{"start":{"line":45,"column":4},"end":{"line":61,"column":null}},"10":{"start":{"line":46,"column":8},"end":{"line":46,"column":null}},"11":{"start":{"line":47,"column":8},"end":{"line":47,"column":null}},"12":{"start":{"line":48,"column":14},"end":{"line":48,"column":null}},"13":{"start":{"line":49,"column":8},"end":{"line":59,"column":null}},"14":{"start":{"line":60,"column":8},"end":{"line":60,"column":null}},"15":{"start":{"line":63,"column":19},"end":{"line":63,"column":null}},"16":{"start":{"line":64,"column":26},"end":{"line":64,"column":null}},"17":{"start":{"line":67,"column":4},"end":{"line":94,"column":null}},"18":{"start":{"line":68,"column":25},"end":{"line":68,"column":null}},"19":{"start":{"line":69,"column":25},"end":{"line":69,"column":null}},"20":{"start":{"line":70,"column":27},"end":{"line":70,"column":null}},"21":{"start":{"line":72,"column":8},"end":{"line":74,"column":null}},"22":{"start":{"line":73,"column":12},"end":{"line":73,"column":null}},"23":{"start":{"line":76,"column":8},"end":{"line":85,"column":null}},"24":{"start":{"line":77,"column":12},"end":{"line":79,"column":null}},"25":{"start":{"line":80,"column":8},"end":{"line":85,"column":null}},"26":{"start":{"line":81,"column":12},"end":{"line":84,"column":null}},"27":{"start":{"line":87,"column":8},"end":{"line":93,"column":null}},"28":{"start":{"line":88,"column":32},"end":{"line":90,"column":null}},"29":{"start":{"line":92,"column":12},"end":{"line":92,"column":null}},"30":{"start":{"line":96,"column":4},"end":{"line":111,"column":null}},"31":{"start":{"line":97,"column":24},"end":{"line":97,"column":null}},"32":{"start":{"line":98,"column":8},"end":{"line":98,"column":null}},"33":{"start":{"line":100,"column":8},"end":{"line":100,"column":null}},"34":{"start":{"line":102,"column":8},"end":{"line":109,"column":null}},"35":{"start":{"line":103,"column":33},"end":{"line":103,"column":null}},"36":{"start":{"line":104,"column":12},"end":{"line":108,"column":null}},"37":{"start":{"line":105,"column":16},"end":{"line":105,"column":null}},"38":{"start":{"line":106,"column":12},"end":{"line":108,"column":null}},"39":{"start":{"line":107,"column":16},"end":{"line":107,"column":null}},"40":{"start":{"line":110,"column":8},"end":{"line":110,"column":null}},"41":{"start":{"line":115,"column":4},"end":{"line":115,"column":null}},"42":{"start":{"line":116,"column":4},"end":{"line":116,"column":null}}},"fnMap":{"0":{"name":"initMermaid","decl":{"start":{"line":22,"column":16},"end":{"line":22,"column":30}},"loc":{"start":{"line":22,"column":30},"end":{"line":37,"column":null}},"line":22},"1":{"name":"renderMermaid","decl":{"start":{"line":39,"column":22},"end":{"line":39,"column":36}},"loc":{"start":{"line":39,"column":125},"end":{"line":112,"column":null}},"line":39},"2":{"name":"resetMermaidStateForTesting","decl":{"start":{"line":114,"column":16},"end":{"line":114,"column":46}},"loc":{"start":{"line":114,"column":46},"end":{"line":117,"column":null}},"line":114}},"branchMap":{"0":{"loc":{"start":{"line":23,"column":2},"end":{"line":23,"column":null}},"type":"if","locations":[{"start":{"line":23,"column":2},"end":{"line":23,"column":null}},{"start":{},"end":{}}],"line":23},"1":{"loc":{"start":{"line":39,"column":81},"end":{"line":39,"column":125}},"type":"default-arg","locations":[{"start":{"line":39,"column":104},"end":{"line":39,"column":125}}],"line":39},"2":{"loc":{"start":{"line":40,"column":4},"end":{"line":42,"column":null}},"type":"if","locations":[{"start":{"line":40,"column":4},"end":{"line":42,"column":null}},{"start":{},"end":{}}],"line":40},"3":{"loc":{"start":{"line":45,"column":4},"end":{"line":61,"column":null}},"type":"if","locations":[{"start":{"line":45,"column":4},"end":{"line":61,"column":null}},{"start":{},"end":{}}],"line":45},"4":{"loc":{"start":{"line":67,"column":4},"end":{"line":94,"column":null}},"type":"if","locations":[{"start":{"line":67,"column":4},"end":{"line":94,"column":null}},{"start":{},"end":{}}],"line":67},"5":{"loc":{"start":{"line":72,"column":8},"end":{"line":74,"column":null}},"type":"if","locations":[{"start":{"line":72,"column":8},"end":{"line":74,"column":null}},{"start":{},"end":{}}],"line":72},"6":{"loc":{"start":{"line":72,"column":12},"end":{"line":72,"column":56}},"type":"binary-expr","locations":[{"start":{"line":72,"column":12},"end":{"line":72,"column":28}},{"start":{"line":72,"column":28},"end":{"line":72,"column":56}}],"line":72},"7":{"loc":{"start":{"line":76,"column":8},"end":{"line":85,"column":null}},"type":"if","locations":[{"start":{"line":76,"column":8},"end":{"line":85,"column":null}},{"start":{"line":80,"column":8},"end":{"line":85,"column":null}}],"line":76},"8":{"loc":{"start":{"line":76,"column":12},"end":{"line":76,"column":67}},"type":"binary-expr","locations":[{"start":{"line":76,"column":12},"end":{"line":76,"column":41}},{"start":{"line":76,"column":41},"end":{"line":76,"column":67}}],"line":76},"9":{"loc":{"start":{"line":80,"column":8},"end":{"line":85,"column":null}},"type":"if","locations":[{"start":{"line":80,"column":8},"end":{"line":85,"column":null}},{"start":{},"end":{}}],"line":80},"10":{"loc":{"start":{"line":87,"column":8},"end":{"line":93,"column":null}},"type":"if","locations":[{"start":{"line":87,"column":8},"end":{"line":93,"column":null}},{"start":{},"end":{}}],"line":87},"11":{"loc":{"start":{"line":102,"column":8},"end":{"line":109,"column":null}},"type":"if","locations":[{"start":{"line":102,"column":8},"end":{"line":109,"column":null}},{"start":{},"end":{}}],"line":102},"12":{"loc":{"start":{"line":102,"column":12},"end":{"line":102,"column":63}},"type":"binary-expr","locations":[{"start":{"line":102,"column":12},"end":{"line":102,"column":25}},{"start":{"line":102,"column":25},"end":{"line":102,"column":43}},{"start":{"line":102,"column":43},"end":{"line":102,"column":63}}],"line":102},"13":{"loc":{"start":{"line":103,"column":61},"end":{"line":103,"column":94}},"type":"binary-expr","locations":[{"start":{"line":103,"column":61},"end":{"line":103,"column":78}},{"start":{"line":103,"column":78},"end":{"line":103,"column":94}}],"line":103},"14":{"loc":{"start":{"line":104,"column":12},"end":{"line":108,"column":null}},"type":"if","locations":[{"start":{"line":104,"column":12},"end":{"line":108,"column":null}},{"start":{"line":106,"column":12},"end":{"line":108,"column":null}}],"line":104},"15":{"loc":{"start":{"line":106,"column":12},"end":{"line":108,"column":null}},"type":"if","locations":[{"start":{"line":106,"column":12},"end":{"line":108,"column":null}},{"start":{},"end":{}}],"line":106}},"s":{"0":1,"1":1,"2":6,"3":0,"4":6,"5":6,"6":6,"7":6,"8":5,"9":6,"10":6,"11":6,"12":6,"13":6,"14":6,"15":6,"16":6,"17":6,"18":2,"19":2,"20":2,"21":2,"22":1,"23":2,"24":1,"25":1,"26":1,"27":2,"28":2,"29":2,"30":6,"31":6,"32":5,"33":1,"34":1,"35":1,"36":1,"37":1,"38":0,"39":0,"40":1,"41":6,"42":6},"f":{"0":6,"1":6,"2":6},"b":{"0":[0,6],"1":[6],"2":[5,1],"3":[6,0],"4":[2,4],"5":[1,1],"6":[2,2],"7":[1,1],"8":[2,1],"9":[1,0],"10":[2,0],"11":[1,0],"12":[1,1,1],"13":[1,0],"14":[1,0],"15":[0,0]},"meta":{"lastBranch":16,"lastFunction":3,"lastStatement":43,"seen":{"s:19:20:19:Infinity":0,"s:20:20:20:Infinity":1,"f:22:16:22:30":0,"b:23:2:23:Infinity:undefined:undefined:undefined:undefined":0,"s:23:2:23:Infinity":2,"s:23:21:23:Infinity":3,"s:25:2:25:Infinity":4,"s:26:2:35:Infinity":5,"s:36:2:36:Infinity":6,"f:39:22:39:36":1,"b:39:104:39:125":1,"b:40:4:42:Infinity:undefined:undefined:undefined:undefined":2,"s:40:4:42:Infinity":7,"s:41:8:41:Infinity":8,"b:45:4:61:Infinity:undefined:undefined:undefined:undefined":3,"s:45:4:61:Infinity":9,"s:46:8:46:Infinity":10,"s:47:8:47:Infinity":11,"s:48:14:48:Infinity":12,"s:49:8:59:Infinity":13,"s:60:8:60:Infinity":14,"s:63:19:63:Infinity":15,"s:64:26:64:Infinity":16,"b:67:4:94:Infinity:undefined:undefined:undefined:undefined":4,"s:67:4:94:Infinity":17,"s:68:25:68:Infinity":18,"s:69:25:69:Infinity":19,"s:70:27:70:Infinity":20,"b:72:8:74:Infinity:undefined:undefined:undefined:undefined":5,"s:72:8:74:Infinity":21,"b:72:12:72:28:72:28:72:56":6,"s:73:12:73:Infinity":22,"b:76:8:85:Infinity:80:8:85:Infinity":7,"s:76:8:85:Infinity":23,"b:76:12:76:41:76:41:76:67":8,"s:77:12:79:Infinity":24,"b:80:8:85:Infinity:undefined:undefined:undefined:undefined":9,"s:80:8:85:Infinity":25,"s:81:12:84:Infinity":26,"b:87:8:93:Infinity:undefined:undefined:undefined:undefined":10,"s:87:8:93:Infinity":27,"s:88:32:90:Infinity":28,"s:92:12:92:Infinity":29,"s:96:4:111:Infinity":30,"s:97:24:97:Infinity":31,"s:98:8:98:Infinity":32,"s:100:8:100:Infinity":33,"b:102:8:109:Infinity:undefined:undefined:undefined:undefined":11,"s:102:8:109:Infinity":34,"b:102:12:102:25:102:25:102:43:102:43:102:63":12,"s:103:33:103:Infinity":35,"b:103:61:103:78:103:78:103:94":13,"b:104:12:108:Infinity:106:12:108:Infinity":14,"s:104:12:108:Infinity":36,"s:105:16:105:Infinity":37,"b:106:12:108:Infinity:undefined:undefined:undefined:undefined":15,"s:106:12:108:Infinity":38,"s:107:16:107:Infinity":39,"s:110:8:110:Infinity":40,"f:114:16:114:46":2,"s:115:4:115:Infinity":41,"s:116:4:116:Infinity":42}}}
,"/home/olyxz/adome/frontend/src/lib/stores/editor.ts": {"path":"/home/olyxz/adome/frontend/src/lib/stores/editor.ts","statementMap":{"0":{"start":{"line":4,"column":13},"end":{"line":10,"column":null}},"1":{"start":{"line":13,"column":13},"end":{"line":13,"column":null}},"2":{"start":{"line":16,"column":13},"end":{"line":16,"column":null}},"3":{"start":{"line":19,"column":13},"end":{"line":19,"column":null}},"4":{"start":{"line":21,"column":13},"end":{"line":21,"column":null}},"5":{"start":{"line":22,"column":13},"end":{"line":22,"column":null}},"6":{"start":{"line":25,"column":13},"end":{"line":25,"column":null}},"7":{"start":{"line":29,"column":13},"end":{"line":29,"column":null}},"8":{"start":{"line":32,"column":4},"end":{"line":41,"column":null}},"9":{"start":{"line":33,"column":24},"end":{"line":33,"column":null}},"10":{"start":{"line":34,"column":8},"end":{"line":38,"column":null}},"11":{"start":{"line":35,"column":12},"end":{"line":35,"column":null}},"12":{"start":{"line":37,"column":12},"end":{"line":37,"column":null}},"13":{"start":{"line":37,"column":38},"end":{"line":37,"column":43}},"14":{"start":{"line":40,"column":8},"end":{"line":40,"column":null}},"15":{"start":{"line":45,"column":4},"end":{"line":51,"column":null}},"16":{"start":{"line":46,"column":14},"end":{"line":46,"column":null}},"17":{"start":{"line":47,"column":20},"end":{"line":47,"column":null}},"18":{"start":{"line":48,"column":8},"end":{"line":48,"column":null}},"19":{"start":{"line":50,"column":8},"end":{"line":50,"column":null}},"20":{"start":{"line":55,"column":4},"end":{"line":63,"column":null}},"21":{"start":{"line":56,"column":8},"end":{"line":56,"column":null}},"22":{"start":{"line":57,"column":23},"end":{"line":57,"column":null}},"23":{"start":{"line":58,"column":8},"end":{"line":58,"column":null}},"24":{"start":{"line":59,"column":8},"end":{"line":59,"column":null}},"25":{"start":{"line":61,"column":8},"end":{"line":61,"column":null}},"26":{"start":{"line":62,"column":8},"end":{"line":62,"column":null}},"27":{"start":{"line":67,"column":4},"end":{"line":67,"column":null}},"28":{"start":{"line":71,"column":4},"end":{"line":71,"column":null}}},"fnMap":{"0":{"name":"loadFile","decl":{"start":{"line":31,"column":22},"end":{"line":31,"column":33}},"loc":{"start":{"line":31,"column":33},"end":{"line":42,"column":null}},"line":31},"1":{"name":"(anonymous_1)","decl":{"start":{"line":37,"column":33},"end":{"line":37,"column":38}},"loc":{"start":{"line":37,"column":38},"end":{"line":37,"column":43}},"line":37},"2":{"name":"saveFile","decl":{"start":{"line":44,"column":22},"end":{"line":44,"column":33}},"loc":{"start":{"line":44,"column":33},"end":{"line":52,"column":null}},"line":44},"3":{"name":"compileD2","decl":{"start":{"line":54,"column":22},"end":{"line":54,"column":32}},"loc":{"start":{"line":54,"column":83},"end":{"line":64,"column":null}},"line":54},"4":{"name":"requestExportSVG","decl":{"start":{"line":66,"column":16},"end":{"line":66,"column":35}},"loc":{"start":{"line":66,"column":35},"end":{"line":68,"column":null}},"line":66},"5":{"name":"requestExportPNG","decl":{"start":{"line":70,"column":16},"end":{"line":70,"column":35}},"loc":{"start":{"line":70,"column":35},"end":{"line":72,"column":null}},"line":70}},"branchMap":{"0":{"loc":{"start":{"line":34,"column":8},"end":{"line":38,"column":null}},"type":"if","locations":[{"start":{"line":34,"column":8},"end":{"line":38,"column":null}},{"start":{},"end":{}}],"line":34}},"s":{"0":1,"1":1,"2":1,"3":1,"4":1,"5":1,"6":1,"7":1,"8":2,"9":2,"10":2,"11":1,"12":1,"13":1,"14":0,"15":1,"16":1,"17":1,"18":1,"19":0,"20":1,"21":1,"22":1,"23":1,"24":1,"25":0,"26":0,"27":0,"28":0},"f":{"0":2,"1":1,"2":1,"3":1,"4":0,"5":0},"b":{"0":[1,1]},"meta":{"lastBranch":1,"lastFunction":6,"lastStatement":29,"seen":{"s:4:13:10:Infinity":0,"s:13:13:13:Infinity":1,"s:16:13:16:Infinity":2,"s:19:13:19:Infinity":3,"s:21:13:21:Infinity":4,"s:22:13:22:Infinity":5,"s:25:13:25:Infinity":6,"s:29:13:29:Infinity":7,"f:31:22:31:33":0,"s:32:4:41:Infinity":8,"s:33:24:33:Infinity":9,"b:34:8:38:Infinity:undefined:undefined:undefined:undefined":0,"s:34:8:38:Infinity":10,"s:35:12:35:Infinity":11,"s:37:12:37:Infinity":12,"f:37:33:37:38":1,"s:37:38:37:43":13,"s:40:8:40:Infinity":14,"f:44:22:44:33":2,"s:45:4:51:Infinity":15,"s:46:14:46:Infinity":16,"s:47:20:47:Infinity":17,"s:48:8:48:Infinity":18,"s:50:8:50:Infinity":19,"f:54:22:54:32":3,"s:55:4:63:Infinity":20,"s:56:8:56:Infinity":21,"s:57:23:57:Infinity":22,"s:58:8:58:Infinity":23,"s:59:8:59:Infinity":24,"s:61:8:61:Infinity":25,"s:62:8:62:Infinity":26,"f:66:16:66:35":4,"s:67:4:67:Infinity":27,"f:70:16:70:35":5,"s:71:4:71:Infinity":28}}}
,"/home/olyxz/adome/frontend/src/lib/stores/theme.ts": {"path":"/home/olyxz/adome/frontend/src/lib/stores/theme.ts","statementMap":{"0":{"start":{"line":34,"column":45},"end":{"line":55,"column":null}},"1":{"start":{"line":57,"column":44},"end":{"line":78,"column":null}},"2":{"start":{"line":80,"column":13},"end":{"line":80,"column":null}},"3":{"start":{"line":81,"column":13},"end":{"line":81,"column":null}},"4":{"start":{"line":82,"column":13},"end":{"line":82,"column":null}},"5":{"start":{"line":83,"column":13},"end":{"line":83,"column":null}},"6":{"start":{"line":86,"column":21},"end":{"line":86,"column":null}},"7":{"start":{"line":90,"column":4},"end":{"line":90,"column":null}},"8":{"start":{"line":90,"column":24},"end":{"line":90,"column":null}},"9":{"start":{"line":91,"column":4},"end":{"line":91,"column":null}},"10":{"start":{"line":92,"column":4},"end":{"line":115,"column":null}},"11":{"start":{"line":93,"column":14},"end":{"line":93,"column":null}},"12":{"start":{"line":94,"column":19},"end":{"line":94,"column":null}},"13":{"start":{"line":96,"column":8},"end":{"line":109,"column":null}},"14":{"start":{"line":97,"column":26},"end":{"line":97,"column":null}},"15":{"start":{"line":98,"column":12},"end":{"line":105,"column":null}},"16":{"start":{"line":99,"column":16},"end":{"line":104,"column":null}},"17":{"start":{"line":101,"column":20},"end":{"line":101,"column":null}},"18":{"start":{"line":103,"column":20},"end":{"line":103,"column":null}},"19":{"start":{"line":106,"column":12},"end":{"line":106,"column":null}},"20":{"start":{"line":108,"column":12},"end":{"line":108,"column":null}},"21":{"start":{"line":111,"column":8},"end":{"line":111,"column":null}},"22":{"start":{"line":112,"column":8},"end":{"line":112,"column":null}},"23":{"start":{"line":114,"column":8},"end":{"line":114,"column":null}},"24":{"start":{"line":122,"column":4},"end":{"line":122,"column":null}},"25":{"start":{"line":123,"column":4},"end":{"line":123,"column":null}},"26":{"start":{"line":125,"column":4},"end":{"line":125,"column":null}},"27":{"start":{"line":126,"column":4},"end":{"line":126,"column":null}},"28":{"start":{"line":129,"column":4},"end":{"line":131,"column":null}},"29":{"start":{"line":130,"column":8},"end":{"line":130,"column":null}},"30":{"start":{"line":134,"column":4},"end":{"line":138,"column":null}},"31":{"start":{"line":135,"column":8},"end":{"line":137,"column":null}},"32":{"start":{"line":136,"column":12},"end":{"line":136,"column":null}},"33":{"start":{"line":143,"column":4},"end":{"line":145,"column":null}},"34":{"start":{"line":144,"column":8},"end":{"line":144,"column":null}},"35":{"start":{"line":144,"column":38},"end":{"line":144,"column":67}},"36":{"start":{"line":149,"column":4},"end":{"line":159,"column":null}},"37":{"start":{"line":150,"column":21},"end":{"line":150,"column":null}},"38":{"start":{"line":151,"column":8},"end":{"line":156,"column":null}},"39":{"start":{"line":152,"column":27},"end":{"line":152,"column":null}},"40":{"start":{"line":153,"column":12},"end":{"line":155,"column":null}},"41":{"start":{"line":154,"column":16},"end":{"line":154,"column":null}},"42":{"start":{"line":158,"column":8},"end":{"line":158,"column":null}},"43":{"start":{"line":163,"column":4},"end":{"line":169,"column":null}},"44":{"start":{"line":164,"column":14},"end":{"line":164,"column":null}},"45":{"start":{"line":165,"column":21},"end":{"line":165,"column":null}},"46":{"start":{"line":166,"column":8},"end":{"line":166,"column":null}},"47":{"start":{"line":168,"column":8},"end":{"line":168,"column":null}},"48":{"start":{"line":173,"column":4},"end":{"line":175,"column":null}},"49":{"start":{"line":174,"column":8},"end":{"line":174,"column":null}},"50":{"start":{"line":179,"column":4},"end":{"line":181,"column":null}},"51":{"start":{"line":180,"column":8},"end":{"line":180,"column":null}},"52":{"start":{"line":187,"column":4},"end":{"line":191,"column":null}},"53":{"start":{"line":188,"column":8},"end":{"line":188,"column":null}},"54":{"start":{"line":190,"column":8},"end":{"line":190,"column":null}},"55":{"start":{"line":195,"column":17},"end":{"line":195,"column":null}},"56":{"start":{"line":198,"column":4},"end":{"line":198,"column":null}},"57":{"start":{"line":199,"column":4},"end":{"line":199,"column":null}},"58":{"start":{"line":200,"column":4},"end":{"line":200,"column":null}},"59":{"start":{"line":201,"column":4},"end":{"line":201,"column":null}},"60":{"start":{"line":202,"column":4},"end":{"line":202,"column":null}},"61":{"start":{"line":203,"column":4},"end":{"line":203,"column":null}},"62":{"start":{"line":204,"column":4},"end":{"line":204,"column":null}},"63":{"start":{"line":205,"column":4},"end":{"line":205,"column":null}},"64":{"start":{"line":206,"column":4},"end":{"line":206,"column":null}},"65":{"start":{"line":207,"column":4},"end":{"line":207,"column":null}},"66":{"start":{"line":208,"column":4},"end":{"line":208,"column":null}},"67":{"start":{"line":213,"column":4},"end":{"line":238,"column":null}}},"fnMap":{"0":{"name":"resolveTheme","decl":{"start":{"line":89,"column":22},"end":{"line":89,"column":37}},"loc":{"start":{"line":89,"column":37},"end":{"line":116,"column":null}},"line":89},"1":{"name":"initTheme","decl":{"start":{"line":120,"column":16},"end":{"line":120,"column":28}},"loc":{"start":{"line":120,"column":28},"end":{"line":146,"column":null}},"line":120},"2":{"name":"(anonymous_2)","decl":{"start":{"line":129,"column":30},"end":{"line":129,"column":42}},"loc":{"start":{"line":129,"column":42},"end":{"line":131,"column":5}},"line":129},"3":{"name":"(anonymous_3)","decl":{"start":{"line":134,"column":27},"end":{"line":134,"column":28}},"loc":{"start":{"line":134,"column":38},"end":{"line":138,"column":5}},"line":134},"4":{"name":"(anonymous_4)","decl":{"start":{"line":143,"column":25},"end":{"line":143,"column":26}},"loc":{"start":{"line":143,"column":37},"end":{"line":145,"column":5}},"line":143},"5":{"name":"(anonymous_5)","decl":{"start":{"line":144,"column":28},"end":{"line":144,"column":38}},"loc":{"start":{"line":144,"column":38},"end":{"line":144,"column":67}},"line":144},"6":{"name":"loadThemes","decl":{"start":{"line":148,"column":22},"end":{"line":148,"column":35}},"loc":{"start":{"line":148,"column":35},"end":{"line":160,"column":null}},"line":148},"7":{"name":"saveThemes","decl":{"start":{"line":162,"column":22},"end":{"line":162,"column":35}},"loc":{"start":{"line":162,"column":35},"end":{"line":170,"column":null}},"line":162},"8":{"name":"destroyTheme","decl":{"start":{"line":172,"column":16},"end":{"line":172,"column":31}},"loc":{"start":{"line":172,"column":31},"end":{"line":176,"column":null}},"line":172},"9":{"name":"handleSystemThemeChange","decl":{"start":{"line":178,"column":9},"end":{"line":178,"column":33}},"loc":{"start":{"line":178,"column":57},"end":{"line":182,"column":null}},"line":178},"10":{"name":"updateBodyClass","decl":{"start":{"line":186,"column":9},"end":{"line":186,"column":25}},"loc":{"start":{"line":186,"column":40},"end":{"line":192,"column":null}},"line":186},"11":{"name":"applyTheme","decl":{"start":{"line":194,"column":16},"end":{"line":194,"column":27}},"loc":{"start":{"line":194,"column":46},"end":{"line":209,"column":null}},"line":194},"12":{"name":"getMermaidThemeVariables","decl":{"start":{"line":212,"column":16},"end":{"line":212,"column":41}},"loc":{"start":{"line":212,"column":60},"end":{"line":239,"column":null}},"line":212}},"branchMap":{"0":{"loc":{"start":{"line":90,"column":4},"end":{"line":90,"column":null}},"type":"if","locations":[{"start":{"line":90,"column":4},"end":{"line":90,"column":null}},{"start":{},"end":{}}],"line":90},"1":{"loc":{"start":{"line":96,"column":8},"end":{"line":109,"column":null}},"type":"if","locations":[{"start":{"line":96,"column":8},"end":{"line":109,"column":null}},{"start":{"line":107,"column":15},"end":{"line":109,"column":null}}],"line":96},"2":{"loc":{"start":{"line":98,"column":12},"end":{"line":105,"column":null}},"type":"if","locations":[{"start":{"line":98,"column":12},"end":{"line":105,"column":null}},{"start":{},"end":{}}],"line":98},"3":{"loc":{"start":{"line":135,"column":8},"end":{"line":137,"column":null}},"type":"if","locations":[{"start":{"line":135,"column":8},"end":{"line":137,"column":null}},{"start":{},"end":{}}],"line":135},"4":{"loc":{"start":{"line":151,"column":8},"end":{"line":156,"column":null}},"type":"if","locations":[{"start":{"line":151,"column":8},"end":{"line":156,"column":null}},{"start":{},"end":{}}],"line":151},"5":{"loc":{"start":{"line":153,"column":12},"end":{"line":155,"column":null}},"type":"if","locations":[{"start":{"line":153,"column":12},"end":{"line":155,"column":null}},{"start":{},"end":{}}],"line":153},"6":{"loc":{"start":{"line":173,"column":4},"end":{"line":175,"column":null}},"type":"if","locations":[{"start":{"line":173,"column":4},"end":{"line":175,"column":null}},{"start":{},"end":{}}],"line":173},"7":{"loc":{"start":{"line":179,"column":4},"end":{"line":181,"column":null}},"type":"if","locations":[{"start":{"line":179,"column":4},"end":{"line":181,"column":null}},{"start":{},"end":{}}],"line":179},"8":{"loc":{"start":{"line":187,"column":4},"end":{"line":191,"column":null}},"type":"if","locations":[{"start":{"line":187,"column":4},"end":{"line":191,"column":null}},{"start":{"line":189,"column":11},"end":{"line":191,"column":null}}],"line":187}},"s":{"0":2,"1":2,"2":2,"3":2,"4":2,"5":2,"6":2,"7":3,"8":0,"9":3,"10":3,"11":3,"12":3,"13":3,"14":1,"15":1,"16":0,"17":0,"18":0,"19":1,"20":2,"21":3,"22":3,"23":3,"24":0,"25":0,"26":0,"27":0,"28":0,"29":0,"30":0,"31":0,"32":0,"33":0,"34":0,"35":0,"36":1,"37":1,"38":1,"39":1,"40":1,"41":1,"42":0,"43":1,"44":1,"45":1,"46":1,"47":0,"48":0,"49":0,"50":0,"51":0,"52":3,"53":2,"54":1,"55":0,"56":0,"57":0,"58":0,"59":0,"60":0,"61":0,"62":0,"63":0,"64":0,"65":0,"66":0,"67":7},"f":{"0":3,"1":0,"2":0,"3":0,"4":0,"5":0,"6":1,"7":1,"8":0,"9":0,"10":3,"11":0,"12":7},"b":{"0":[0,3],"1":[1,2],"2":[0,1],"3":[0,0],"4":[1,0],"5":[1,0],"6":[0,0],"7":[0,0],"8":[2,1]},"meta":{"lastBranch":9,"lastFunction":13,"lastStatement":68,"seen":{"s:34:45:55:Infinity":0,"s:57:44:78:Infinity":1,"s:80:13:80:Infinity":2,"s:81:13:81:Infinity":3,"s:82:13:82:Infinity":4,"s:83:13:83:Infinity":5,"s:86:21:86:Infinity":6,"f:89:22:89:37":0,"b:90:4:90:Infinity:undefined:undefined:undefined:undefined":0,"s:90:4:90:Infinity":7,"s:90:24:90:Infinity":8,"s:91:4:91:Infinity":9,"s:92:4:115:Infinity":10,"s:93:14:93:Infinity":11,"s:94:19:94:Infinity":12,"b:96:8:109:Infinity:107:15:109:Infinity":1,"s:96:8:109:Infinity":13,"s:97:26:97:Infinity":14,"b:98:12:105:Infinity:undefined:undefined:undefined:undefined":2,"s:98:12:105:Infinity":15,"s:99:16:104:Infinity":16,"s:101:20:101:Infinity":17,"s:103:20:103:Infinity":18,"s:106:12:106:Infinity":19,"s:108:12:108:Infinity":20,"s:111:8:111:Infinity":21,"s:112:8:112:Infinity":22,"s:114:8:114:Infinity":23,"f:120:16:120:28":1,"s:122:4:122:Infinity":24,"s:123:4:123:Infinity":25,"s:125:4:125:Infinity":26,"s:126:4:126:Infinity":27,"s:129:4:131:Infinity":28,"f:129:30:129:42":2,"s:130:8:130:Infinity":29,"s:134:4:138:Infinity":30,"f:134:27:134:28":3,"b:135:8:137:Infinity:undefined:undefined:undefined:undefined":3,"s:135:8:137:Infinity":31,"s:136:12:136:Infinity":32,"s:143:4:145:Infinity":33,"f:143:25:143:26":4,"s:144:8:144:Infinity":34,"f:144:28:144:38":5,"s:144:38:144:67":35,"f:148:22:148:35":6,"s:149:4:159:Infinity":36,"s:150:21:150:Infinity":37,"b:151:8:156:Infinity:undefined:undefined:undefined:undefined":4,"s:151:8:156:Infinity":38,"s:152:27:152:Infinity":39,"b:153:12:155:Infinity:undefined:undefined:undefined:undefined":5,"s:153:12:155:Infinity":40,"s:154:16:154:Infinity":41,"s:158:8:158:Infinity":42,"f:162:22:162:35":7,"s:163:4:169:Infinity":43,"s:164:14:164:Infinity":44,"s:165:21:165:Infinity":45,"s:166:8:166:Infinity":46,"s:168:8:168:Infinity":47,"f:172:16:172:31":8,"b:173:4:175:Infinity:undefined:undefined:undefined:undefined":6,"s:173:4:175:Infinity":48,"s:174:8:174:Infinity":49,"f:178:9:178:33":9,"b:179:4:181:Infinity:undefined:undefined:undefined:undefined":7,"s:179:4:181:Infinity":50,"s:180:8:180:Infinity":51,"f:186:9:186:25":10,"b:187:4:191:Infinity:189:11:191:Infinity":8,"s:187:4:191:Infinity":52,"s:188:8:188:Infinity":53,"s:190:8:190:Infinity":54,"f:194:16:194:27":11,"s:195:17:195:Infinity":55,"s:198:4:198:Infinity":56,"s:199:4:199:Infinity":57,"s:200:4:200:Infinity":58,"s:201:4:201:Infinity":59,"s:202:4:202:Infinity":60,"s:203:4:203:Infinity":61,"s:204:4:204:Infinity":62,"s:205:4:205:Infinity":63,"s:206:4:206:Infinity":64,"s:207:4:207:Infinity":65,"s:208:4:208:Infinity":66,"f:212:16:212:41":12,"s:213:4:238:Infinity":67}}}
,"/home/olyxz/adome/frontend/wailsjs/go/app/App.js": {"path":"/home/olyxz/adome/frontend/wailsjs/go/app/App.js","statementMap":{"0":{"start":{"line":6,"column":2},"end":{"line":6,"column":null}}},"fnMap":{"0":{"name":"IsDarkTheme","decl":{"start":{"line":5,"column":16},"end":{"line":5,"column":27}},"loc":{"start":{"line":5,"column":30},"end":{"line":7,"column":null}},"line":5}},"branchMap":{},"s":{"0":0},"f":{"0":0},"b":{},"meta":{"lastBranch":0,"lastFunction":1,"lastStatement":1,"seen":{"f:5:16:5:27":0,"s:6:2:6:Infinity":0}}}
,"/home/olyxz/adome/frontend/wailsjs/go/config/Service.js": {"path":"/home/olyxz/adome/frontend/wailsjs/go/config/Service.js","statementMap":{"0":{"start":{"line":6,"column":2},"end":{"line":6,"column":null}},"1":{"start":{"line":10,"column":2},"end":{"line":10,"column":null}},"2":{"start":{"line":14,"column":2},"end":{"line":14,"column":null}}},"fnMap":{"0":{"name":"LoadPalettes","decl":{"start":{"line":5,"column":16},"end":{"line":5,"column":28}},"loc":{"start":{"line":5,"column":31},"end":{"line":7,"column":null}},"line":5},"1":{"name":"SavePalettes","decl":{"start":{"line":9,"column":16},"end":{"line":9,"column":28}},"loc":{"start":{"line":9,"column":35},"end":{"line":11,"column":null}},"line":9},"2":{"name":"Startup","decl":{"start":{"line":13,"column":16},"end":{"line":13,"column":23}},"loc":{"start":{"line":13,"column":30},"end":{"line":15,"column":null}},"line":13}},"branchMap":{},"s":{"0":0,"1":0,"2":0},"f":{"0":0,"1":0,"2":0},"b":{},"meta":{"lastBranch":0,"lastFunction":3,"lastStatement":3,"seen":{"f:5:16:5:28":0,"s:6:2:6:Infinity":0,"f:9:16:9:28":1,"s:10:2:10:Infinity":1,"f:13:16:13:23":2,"s:14:2:14:Infinity":2}}}
,"/home/olyxz/adome/frontend/wailsjs/go/d2/Service.js": {"path":"/home/olyxz/adome/frontend/wailsjs/go/d2/Service.js","statementMap":{"0":{"start":{"line":6,"column":2},"end":{"line":6,"column":null}},"1":{"start":{"line":10,"column":2},"end":{"line":10,"column":null}}},"fnMap":{"0":{"name":"Compile","decl":{"start":{"line":5,"column":16},"end":{"line":5,"column":23}},"loc":{"start":{"line":5,"column":36},"end":{"line":7,"column":null}},"line":5},"1":{"name":"Startup","decl":{"start":{"line":9,"column":16},"end":{"line":9,"column":23}},"loc":{"start":{"line":9,"column":30},"end":{"line":11,"column":null}},"line":9}},"branchMap":{},"s":{"0":0,"1":0},"f":{"0":0,"1":0},"b":{},"meta":{"lastBranch":0,"lastFunction":2,"lastStatement":2,"seen":{"f:5:16:5:23":0,"s:6:2:6:Infinity":0,"f:9:16:9:23":1,"s:10:2:10:Infinity":1}}}
,"/home/olyxz/adome/frontend/wailsjs/go/files/Service.js": {"path":"/home/olyxz/adome/frontend/wailsjs/go/files/Service.js","statementMap":{"0":{"start":{"line":6,"column":2},"end":{"line":6,"column":null}},"1":{"start":{"line":10,"column":2},"end":{"line":10,"column":null}},"2":{"start":{"line":14,"column":2},"end":{"line":14,"column":null}},"3":{"start":{"line":18,"column":2},"end":{"line":18,"column":null}},"4":{"start":{"line":22,"column":2},"end":{"line":22,"column":null}}},"fnMap":{"0":{"name":"ExportPNG","decl":{"start":{"line":5,"column":16},"end":{"line":5,"column":25}},"loc":{"start":{"line":5,"column":32},"end":{"line":7,"column":null}},"line":5},"1":{"name":"ExportSVG","decl":{"start":{"line":9,"column":16},"end":{"line":9,"column":25}},"loc":{"start":{"line":9,"column":32},"end":{"line":11,"column":null}},"line":9},"2":{"name":"LoadFile","decl":{"start":{"line":13,"column":16},"end":{"line":13,"column":24}},"loc":{"start":{"line":13,"column":27},"end":{"line":15,"column":null}},"line":13},"3":{"name":"SaveFile","decl":{"start":{"line":17,"column":16},"end":{"line":17,"column":24}},"loc":{"start":{"line":17,"column":31},"end":{"line":19,"column":null}},"line":17},"4":{"name":"Startup","decl":{"start":{"line":21,"column":16},"end":{"line":21,"column":23}},"loc":{"start":{"line":21,"column":30},"end":{"line":23,"column":null}},"line":21}},"branchMap":{},"s":{"0":0,"1":0,"2":0,"3":0,"4":0},"f":{"0":0,"1":0,"2":0,"3":0,"4":0},"b":{},"meta":{"lastBranch":0,"lastFunction":5,"lastStatement":5,"seen":{"f:5:16:5:25":0,"s:6:2:6:Infinity":0,"f:9:16:9:25":1,"s:10:2:10:Infinity":1,"f:13:16:13:24":2,"s:14:2:14:Infinity":2,"f:17:16:17:24":3,"s:18:2:18:Infinity":3,"f:21:16:21:23":4,"s:22:2:22:Infinity":4}}}
}
